#
# There is insufficient memory for the Java Runtime Environment to continue.
# Native memory allocation (mmap) failed to map 257949696 bytes for G1 virtual space
# Possible reasons:
#   The system is out of physical RAM or swap space
#   The process is running with CompressedOops enabled, and the Java Heap may be blocking the growth of the native heap
# Possible solutions:
#   Reduce memory load on the system
#   Increase physical memory or swap space
#   Check if swap backing store is full
#   Decrease Java heap size (-Xmx/-Xms)
#   Decrease number of Java threads
#   Decrease Java thread stack sizes (-Xss)
#   Set larger code cache with -XX:ReservedCodeCacheSize=
#   JVM is running with Zero Based Compressed Oops mode in which the Java heap is
#     placed in the first 32GB address space. The Java Heap base address is the
#     maximum limit for the native heap growth. Please use -XX:HeapBaseMinAddress
#     to set the Java Heap base and to place the Java Heap above 32GB virtual address.
# This output file may be truncated or incomplete.
#
#  Out of Memory Error (os_windows.cpp:3532), pid=28924, tid=22220
#
# JRE version:  (17.0.2+8) (build )
# Java VM: Java HotSpot(TM) 64-Bit Server VM (17.0.2+8-LTS-86, mixed mode, sharing, tiered, compressed oops, compressed class ptrs, g1 gc, windows-amd64)
# No core dump will be written. Minidumps are not enabled by default on client versions of Windows
#

---------------  S U M M A R Y ------------

Command Line: -javaagent:D:\Intellij Idea Installation\IntelliJ IDEA Community Edition 2021.3.2\lib\idea_rt.jar=51278:D:\Intellij Idea Installation\IntelliJ IDEA Community Edition 2021.3.2\bin -Dfile.encoding=UTF-8 --module-path=C:\Users\markj\.m2\repository\de\jensd\fontawesomefx-commons\9.1.2\fontawesomefx-commons-9.1.2.jar;C:\Users\markj\.m2\repository\org\openjfx\javafx-fxml\17.0.1\javafx-fxml-17.0.1-win.jar;C:\Users\markj\.m2\repository\org\slf4j\slf4j-api\1.7.36\slf4j-api-1.7.36.jar;C:\Users\markj\.m2\repository\org\openjfx\javafx-graphics\21\javafx-graphics-21-win.jar;C:\Users\markj\.m2\repository\org\xerial\sqlite-jdbc\3.45.1.0\sqlite-jdbc-3.45.1.0.jar;D:\FYP_Application\target\classes;C:\Users\markj\.m2\repository\eu\hansolo\tilesfx\11.48\tilesfx-11.48.jar;C:\Users\markj\.m2\repository\org\openjfx\javafx-base\21\javafx-base-21-win.jar;C:\Users\markj\.m2\repository\de\jensd\fontawesomefx-fontawesome\4.7.0-9.1.2\fontawesomefx-fontawesome-4.7.0-9.1.2.jar;C:\Users\markj\.m2\repository\org\openjfx\javafx-media\17.0.1\javafx-media-17.0.1-win.jar;C:\Users\markj\.m2\repository\org\kordamp\bootstrapfx\bootstrapfx-core\0.4.0\bootstrapfx-core-0.4.0.jar;C:\Users\markj\.m2\repository\org\kordamp\ikonli\ikonli-javafx\12.2.0\ikonli-javafx-12.2.0.jar;C:\Users\markj\.m2\repository\org\kordamp\ikonli\ikonli-core\12.3.1\ikonli-core-12.3.1.jar;C:\Users\markj\.m2\repository\org\openjfx\javafx-web\17.0.1\javafx-web-17.0.1-win.jar;C:\Users\markj\.m2\repository\org\openjfx\javafx-controls\21\javafx-controls-21-win.jar -Djdk.module.main=com.example.fyp_application com.example.fyp_application/com.example.fyp_application.App

Host: AMD Ryzen 5 4600H with Radeon Graphics         , 12 cores, 15G,  Windows 10 , 64 bit Build 19041 (10.0.19041.3636)
Time: Tue Feb 20 00:12:54 2024 GMT Standard Time elapsed time: 0.008225 seconds (0d 0h 0m 0s)

---------------  T H R E A D  ---------------

Current thread (0x000002172530a540):  JavaThread "Unknown thread" [_thread_in_vm, id=22220, stack(0x0000003ac0b00000,0x0000003ac0c00000)]

Stack: [0x0000003ac0b00000,0x0000003ac0c00000]
Native frames: (J=compiled Java code, j=interpreted, Vv=VM code, C=native code)
V  [jvm.dll+0x670baa]
V  [jvm.dll+0x7cfcb4]
V  [jvm.dll+0x7d145e]
V  [jvm.dll+0x7d1ac3]
V  [jvm.dll+0x242bc5]
V  [jvm.dll+0x66dac9]
V  [jvm.dll+0x662412]
V  [jvm.dll+0x300c0b]
V  [jvm.dll+0x3081a6]
V  [jvm.dll+0x357d0e]
V  [jvm.dll+0x357f3f]
V  [jvm.dll+0x2d7ec8]
V  [jvm.dll+0x2d8e34]
V  [jvm.dll+0x7a18c1]
V  [jvm.dll+0x365a91]
V  [jvm.dll+0x780d2c]
V  [jvm.dll+0x3e845f]
V  [jvm.dll+0x3e9f01]
C  [jli.dll+0x527b]
C  [ucrtbase.dll+0x21bb2]
C  [KERNEL32.DLL+0x17344]
C  [ntdll.dll+0x526b1]


---------------  P R O C E S S  ---------------

Threads class SMR info:
_java_thread_list=0x00007ffab9b69858, length=0, elements={
}

Java Threads: ( => current thread )

Other Threads:
  0x00000217253592b0 GCTaskThread "GC Thread#0" [stack: 0x0000003ac0c00000,0x0000003ac0d00000] [id=12172]
  0x00000217253697f0 ConcurrentGCThread "G1 Main Marker" [stack: 0x0000003ac0d00000,0x0000003ac0e00000] [id=22368]
  0x000002172536a200 ConcurrentGCThread "G1 Conc#0" [stack: 0x0000003ac0e00000,0x0000003ac0f00000] [id=24804]

[error occurred during error reporting (printing all threads), id 0xc0000005, EXCEPTION_ACCESS_VIOLATION (0xc0000005) at pc=0x00007ffab93b88a7]

VM state: not at safepoint (not fully initialized)

VM Mutex/Monitor currently owned by a thread:  ([mutex/lock_event])
[0x0000021725305080] Heap_lock - owner thread: 0x000002172530a540

Heap address: 0x000000070a000000, size: 3936 MB, Compressed Oops mode: Zero based, Oop shift amount: 3

CDS archive(s) mapped at: [0x0000000000000000-0x0000000000000000-0x0000000000000000), size 0, SharedBaseAddress: 0x0000000800000000, ArchiveRelocationMode: 0.
Narrow klass base: 0x0000000000000000, Narrow klass shift: 0, Narrow klass range: 0x0

GC Precious Log:
<Empty>

Heap:
 garbage-first heap   total 0K, used 0K [0x000000070a000000, 0x0000000800000000)
  region size 2048K, 0 young (0K), 0 survivors (0K)

[error occurred during error reporting (printing heap information), id 0xc0000005, EXCEPTION_ACCESS_VIOLATION (0xc0000005) at pc=0x00007ffab9799f19]

GC Heap History (0 events):
No events

Deoptimization events (0 events):
No events

Classes unloaded (0 events):
No events

Classes redefined (0 events):
No events

Internal exceptions (0 events):
No events

VM Operations (0 events):
No events

Events (1 events):
Event: 0.006 Loaded shared library D:\Java\jdk-17.0.2\bin\java.dll


Dynamic libraries:
0x00007ff6d3db0000 - 0x00007ff6d3dc0000 	D:\Java\jdk-17.0.2\bin\java.exe
0x00007ffb03a10000 - 0x00007ffb03c08000 	C:\WINDOWS\SYSTEM32\ntdll.dll
0x00007ffb03860000 - 0x00007ffb0391d000 	C:\WINDOWS\System32\KERNEL32.DLL
0x00007ffb01140000 - 0x00007ffb01436000 	C:\WINDOWS\System32\KERNELBASE.dll
0x00007ffb01750000 - 0x00007ffb01850000 	C:\WINDOWS\System32\ucrtbase.dll
0x00007ffafb250000 - 0x00007ffafb26a000 	D:\Java\jdk-17.0.2\bin\VCRUNTIME140.dll
0x00007ffafb1c0000 - 0x00007ffafb1d8000 	D:\Java\jdk-17.0.2\bin\jli.dll
0x00007ffb02f90000 - 0x00007ffb03043000 	C:\WINDOWS\System32\ADVAPI32.dll
0x00007ffb036f0000 - 0x00007ffb0378e000 	C:\WINDOWS\System32\msvcrt.dll
0x00007ffb03790000 - 0x00007ffb0382f000 	C:\WINDOWS\System32\sechost.dll
0x00007ffb02550000 - 0x00007ffb02676000 	C:\WINDOWS\System32\RPCRT4.dll
0x00007ffb010e0000 - 0x00007ffb01107000 	C:\WINDOWS\System32\bcrypt.dll
0x00007ffb01a70000 - 0x00007ffb01c0e000 	C:\WINDOWS\System32\USER32.dll
0x00007ffb01110000 - 0x00007ffb01132000 	C:\WINDOWS\System32\win32u.dll
0x00007ffae3ba0000 - 0x00007ffae3e3a000 	C:\WINDOWS\WinSxS\amd64_microsoft.windows.common-controls_6595b64144ccf1df_6.0.19041.3636_none_60b6a03d71f818d5\COMCTL32.dll
0x00007ffb03830000 - 0x00007ffb0385c000 	C:\WINDOWS\System32\GDI32.dll
0x00007ffb01940000 - 0x00007ffb01a5a000 	C:\WINDOWS\System32\gdi32full.dll
0x00007ffb018a0000 - 0x00007ffb0193d000 	C:\WINDOWS\System32\msvcp_win.dll
0x00007ffaffdd0000 - 0x00007ffaffdda000 	C:\WINDOWS\SYSTEM32\VERSION.dll
0x00007ffb027a0000 - 0x00007ffb027d0000 	C:\WINDOWS\System32\IMM32.DLL
0x00007ffafb6e0000 - 0x00007ffafb6ec000 	D:\Java\jdk-17.0.2\bin\vcruntime140_1.dll
0x00007ffae1460000 - 0x00007ffae14ed000 	D:\Java\jdk-17.0.2\bin\msvcp140.dll
0x00007ffab90d0000 - 0x00007ffab9c91000 	D:\Java\jdk-17.0.2\bin\server\jvm.dll
0x00007ffb01a60000 - 0x00007ffb01a68000 	C:\WINDOWS\System32\PSAPI.DLL
0x00007ffaf7620000 - 0x00007ffaf7629000 	C:\WINDOWS\SYSTEM32\WSOCK32.dll
0x00007ffaf5170000 - 0x00007ffaf5197000 	C:\WINDOWS\SYSTEM32\WINMM.dll
0x00007ffb02900000 - 0x00007ffb0296b000 	C:\WINDOWS\System32\WS2_32.dll
0x00007ffaffd30000 - 0x00007ffaffd42000 	C:\WINDOWS\SYSTEM32\kernel.appcore.dll
0x00007ffafb6c0000 - 0x00007ffafb6ca000 	D:\Java\jdk-17.0.2\bin\jimage.dll
0x00007ffaff480000 - 0x00007ffaff664000 	C:\WINDOWS\SYSTEM32\DBGHELP.DLL
0x00007ffaf7340000 - 0x00007ffaf7374000 	C:\WINDOWS\SYSTEM32\dbgcore.DLL
0x00007ffb01440000 - 0x00007ffb014c2000 	C:\WINDOWS\System32\bcryptPrimitives.dll
0x00007ffaf7870000 - 0x00007ffaf787e000 	D:\Java\jdk-17.0.2\bin\instrument.dll
0x00007ffaf17d0000 - 0x00007ffaf17f5000 	D:\Java\jdk-17.0.2\bin\java.dll

dbghelp: loaded successfully - version: 4.0.5 - missing functions: none
symbol engine: initialized successfully - sym options: 0x614 - pdb path: .;D:\Java\jdk-17.0.2\bin;C:\WINDOWS\SYSTEM32;C:\WINDOWS\WinSxS\amd64_microsoft.windows.common-controls_6595b64144ccf1df_6.0.19041.3636_none_60b6a03d71f818d5;D:\Java\jdk-17.0.2\bin\server

VM Arguments:
jvm_args: -javaagent:D:\Intellij Idea Installation\IntelliJ IDEA Community Edition 2021.3.2\lib\idea_rt.jar=51278:D:\Intellij Idea Installation\IntelliJ IDEA Community Edition 2021.3.2\bin -Dfile.encoding=UTF-8 --module-path=C:\Users\markj\.m2\repository\de\jensd\fontawesomefx-commons\9.1.2\fontawesomefx-commons-9.1.2.jar;C:\Users\markj\.m2\repository\org\openjfx\javafx-fxml\17.0.1\javafx-fxml-17.0.1-win.jar;C:\Users\markj\.m2\repository\org\slf4j\slf4j-api\1.7.36\slf4j-api-1.7.36.jar;C:\Users\markj\.m2\repository\org\openjfx\javafx-graphics\21\javafx-graphics-21-win.jar;C:\Users\markj\.m2\repository\org\xerial\sqlite-jdbc\3.45.1.0\sqlite-jdbc-3.45.1.0.jar;D:\FYP_Application\target\classes;C:\Users\markj\.m2\repository\eu\hansolo\tilesfx\11.48\tilesfx-11.48.jar;C:\Users\markj\.m2\repository\org\openjfx\javafx-base\21\javafx-base-21-win.jar;C:\Users\markj\.m2\repository\de\jensd\fontawesomefx-fontawesome\4.7.0-9.1.2\fontawesomefx-fontawesome-4.7.0-9.1.2.jar;C:\Users\markj\.m2\repository\org\openjfx\javafx-media\17.0.1\javafx-media-17.0.1-win.jar;C:\Users\markj\.m2\repository\org\kordamp\bootstrapfx\bootstrapfx-core\0.4.0\bootstrapfx-core-0.4.0.jar;C:\Users\markj\.m2\repository\org\kordamp\ikonli\ikonli-javafx\12.2.0\ikonli-javafx-12.2.0.jar;C:\Users\markj\.m2\repository\org\kordamp\ikonli\ikonli-core\12.3.1\ikonli-core-12.3.1.jar;C:\Users\markj\.m2\repository\org\openjfx\javafx-web\17.0.1\javafx-web-17.0.1-win.jar;C:\Users\markj\.m2\repository\org\openjfx\javafx-controls\21\javafx-controls-21-win.jar -Djdk.module.main=com.example.fyp_application 
java_command: com.example.fyp_application/com.example.fyp_application.App
java_class_path (initial): C:\Users\markj\.m2\repository\org\openjfx\javafx-controls\21\javafx-controls-21.jar;C:\Users\markj\.m2\repository\org\openjfx\javafx-graphics\21\javafx-graphics-21.jar;C:\Users\markj\.m2\repository\org\openjfx\javafx-base\21\javafx-base-21.jar;C:\Users\markj\.m2\repository\com\jfoenix\jfoenix\9.0.10\jfoenix-9.0.10.jar;C:\Users\markj\.m2\repository\io\github\palexdev\materialfx\11.17.0\materialfx-11.17.0.jar;C:\Users\markj\.m2\repository\io\github\palexdev\mfxcore\11.8.0\mfxcore-11.8.0.jar;C:\Users\markj\.m2\repository\io\github\palexdev\mfxlocalization\11.1.0\mfxlocalization-11.1.0.jar;C:\Users\markj\.m2\repository\io\github\palexdev\mfxresources\11.9.1\mfxresources-11.9.1.jar;C:\Users\markj\.m2\repository\io\github\palexdev\mfxeffects\11.3.0\mfxeffects-11.3.0.jar;C:\Users\markj\.m2\repository\io\github\palexdev\virtualizedfx\11.9.6\virtualizedfx-11.9.6.jar;C:\Users\markj\.m2\repository\org\openjfx\javafx-fxml\17.0.1\javafx-fxml-17.0.1.jar;C:\Users\markj\.m2\repository\org\openjfx\javafx-web\17.0.1\javafx-web-17.0.1.jar;C:\Users\markj\.m2\repository\org\openjfx\javafx-media\17.0.1\javafx-media-17.0.1.jar;C:\Users\markj\.m2\repository\org\controlsfx\controlsfx\11.1.0\controlsfx-11.1.0.jar;C:\Users\markj\.m2\repository\com\dlsc\formsfx\formsfx-core\11.3.2\formsfx-core-11.3.2.jar;C:\Users\markj\.m2\repository\net\synedra\validatorfx\0.1.13\validatorfx-0.1.13.jar
Launcher Type: SUN_STANDARD

[Global flags]
     intx CICompilerCount                          = 4                                         {product} {ergonomic}
     uint ConcGCThreads                            = 3                                         {product} {ergonomic}
     uint G1ConcRefinementThreads                  = 10                                        {product} {ergonomic}
   size_t G1HeapRegionSize                         = 2097152                                   {product} {ergonomic}
    uintx GCDrainStackTargetSize                   = 64                                        {product} {ergonomic}
   size_t InitialHeapSize                          = 257949696                                 {product} {ergonomic}
   size_t MarkStackSize                            = 4194304                                   {product} {ergonomic}
   size_t MaxHeapSize                              = 4127195136                                {product} {ergonomic}
   size_t MinHeapDeltaBytes                        = 2097152                                   {product} {ergonomic}
   size_t MinHeapSize                              = 8388608                                   {product} {ergonomic}
    uintx NonNMethodCodeHeapSize                   = 5839372                                {pd product} {ergonomic}
    uintx NonProfiledCodeHeapSize                  = 122909434                              {pd product} {ergonomic}
    uintx ProfiledCodeHeapSize                     = 122909434                              {pd product} {ergonomic}
    uintx ReservedCodeCacheSize                    = 251658240                              {pd product} {ergonomic}
     bool SegmentedCodeCache                       = true                                      {product} {ergonomic}
   size_t SoftMaxHeapSize                          = 4127195136                             {manageable} {ergonomic}
     bool UseCompressedClassPointers               = true                           {product lp64_product} {ergonomic}
     bool UseCompressedOops                        = true                           {product lp64_product} {ergonomic}
     bool UseG1GC                                  = true                                      {product} {ergonomic}
     bool UseLargePagesIndividualAllocation        = false                                  {pd product} {ergonomic}

Logging:
Log output configuration:
 #0: stdout all=warning uptime,level,tags
 #1: stderr all=off uptime,level,tags

Environment Variables:
PATH=C:\Python312\Scripts\;C:\Python312\;C:\Program Files\Common Files\Oracle\Java\javapath;C:\WINDOWS\system32;C:\WINDOWS;C:\WINDOWS\System32\Wbem;C:\WINDOWS\System32\WindowsPowerShell\v1.0\;C:\WINDOWS\System32\OpenSSH\;C:\Program Files\Git\cmd;C:\Program Files\MySQL\MySQL Server 8.0\bin;C:\Program Files\dotnet\;C:\ProgramData\chocolatey\bin;C:\Program Files\nodejs\;C:\Program Files\MySQL\MySQL Shell 8.0\bin\;C:\Users\markj\AppData\Local\Programs\Python\Python310\Scripts\;C:\Users\markj\AppData\Local\Programs\Python\Python310\;C:\Users\markj\AppData\Local\Microsoft\WindowsApps;D:\Microsoft VS Code\bin;D:\PyCharm Community Edition 2021.2.3\bin;D:\FFMPEG\bin;D:\Intellij Idea Installation\IntelliJ IDEA Community Edition 2021.3.2\bin;C:\Users\markj\AppData\Local\Coursier\data\bin;C:\Users\markj\AppData\Local\Programs\oh-my-posh\bin;C:\Users\markj\AppData\Roaming\npm;C:\Users\markj\AppData\Local\GitHubDesktop\bin
USERNAME=markj
OS=Windows_NT
PROCESSOR_IDENTIFIER=AMD64 Family 23 Model 96 Stepping 1, AuthenticAMD



---------------  S Y S T E M  ---------------

OS:
 Windows 10 , 64 bit Build 19041 (10.0.19041.3636)
OS uptime: 13 days 7:09 hours

CPU: total 12 (initial active 12) (12 cores per cpu, 2 threads per core) family 23 model 96 stepping 1 microcode 0x0, cx8, cmov, fxsr, ht, mmx, 3dnowpref, sse, sse2, sse3, ssse3, sse4a, sse4.1, sse4.2, popcnt, lzcnt, tsc, tscinvbit, avx, avx2, aes, clmul, bmi1, bmi2, adx, sha, fma, vzeroupper, clflush, clflushopt

Memory: 4k page, system-wide physical 15741M (741M free)
TotalPageFile size 31101M (AvailPageFile size 161M)
current process WorkingSet (physical memory assigned to process): 10M, peak: 10M
current process commit charge ("private bytes"): 64M, peak: 310M

vm_info: Java HotSpot(TM) 64-Bit Server VM (17.0.2+8-LTS-86) for windows-amd64 JRE (17.0.2+8-LTS-86), built on Dec  7 2021 21:51:03 by "mach5one" with MS VC++ 16.8 / 16.9 (VS2019)

END.
